\BOOKMARK [0][]{sjtubookmark.1.0}{\376\377\230\230\124\015\230\165}{}% 1
\BOOKMARK [0][]{section*.2}{\376\377\144\130\211\201}{}% 2
\BOOKMARK [0][]{section*.4}{\376\377\000A\000b\000s\000t\000r\000a\000c\000t}{}% 3
\BOOKMARK [0][]{section*.6}{\376\377\166\356\137\125}{}% 4
\BOOKMARK [0][]{section*.8}{\376\377\143\322\126\376}{}% 5
\BOOKMARK [0][]{section*.10}{\376\377\210\150\150\074}{}% 6
\BOOKMARK [0][]{section*.12}{\376\377\173\227\154\325}{}% 7
\BOOKMARK [0][]{chapter*.14}{\376\377\173\046\123\367\133\371\161\147\210\150}{}% 8
\BOOKMARK [0][]{chapter.1}{\376\377\173\054\000\040\0001\000\040\172\340\000\040\173\200\116\313}{}% 9
\BOOKMARK [1][-]{section.1.1}{\376\377\0001\000.\0001\000\040\116\214\176\247\150\007\230\230}{chapter.1}% 10
\BOOKMARK [2][-]{subsection.1.1.1}{\376\377\0001\000.\0001\000.\0001\000\040\116\011\176\247\150\007\230\230}{section.1.1}% 11
\BOOKMARK [1][-]{section.1.2}{\376\377\0001\000.\0002\000\040\201\032\154\350}{chapter.1}% 12
\BOOKMARK [1][-]{section.1.3}{\376\377\0001\000.\0003\000\040\133\127\117\123}{chapter.1}% 13
\BOOKMARK [0][]{chapter.2}{\376\377\173\054\000\040\0002\000\040\172\340\000\040\145\160\133\146\116\016\137\025\165\050\145\207\163\056\166\204\150\007\154\350}{}% 14
\BOOKMARK [1][-]{section.2.1}{\376\377\0002\000.\0001\000\040\145\160\133\146}{chapter.2}% 15
\BOOKMARK [2][-]{subsection.2.1.1}{\376\377\0002\000.\0001\000.\0001\000\040\145\160\133\127\124\214\123\125\117\115}{section.2.1}% 16
\BOOKMARK [2][-]{subsection.2.1.2}{\376\377\0002\000.\0001\000.\0002\000\040\145\160\133\146\173\046\123\367\124\214\121\154\137\017}{section.2.1}% 17
\BOOKMARK [2][-]{subsection.2.1.3}{\376\377\0002\000.\0001\000.\0003\000\040\133\232\164\006\163\257\130\203}{section.2.1}% 18
\BOOKMARK [1][-]{section.2.2}{\376\377\0002\000.\0002\000\040\137\025\165\050\145\207\163\056\166\204\150\007\154\350}{chapter.2}% 19
\BOOKMARK [0][]{chapter.3}{\376\377\173\054\000\040\0003\000\040\172\340\000\040\155\156\122\250\117\123}{}% 20
\BOOKMARK [1][-]{section.3.1}{\376\377\0003\000.\0001\000\040\143\322\126\376}{chapter.3}% 21
\BOOKMARK [2][-]{subsection.3.1.1}{\376\377\0003\000.\0001\000.\0001\000\040\123\125\116\052\126\376\137\142}{section.3.1}% 22
\BOOKMARK [2][-]{subsection.3.1.2}{\376\377\0003\000.\0001\000.\0002\000\040\131\032\116\052\126\376\137\142}{section.3.1}% 23
\BOOKMARK [1][-]{section.3.2}{\376\377\0003\000.\0002\000\040\210\150\150\074}{chapter.3}% 24
\BOOKMARK [2][-]{subsection.3.2.1}{\376\377\0003\000.\0002\000.\0001\000\040\127\372\147\054\210\150\150\074}{section.3.2}% 25
\BOOKMARK [2][-]{subsection.3.2.2}{\376\377\0003\000.\0002\000.\0002\000\040\131\015\147\102\210\150\150\074}{section.3.2}% 26
\BOOKMARK [1][-]{section.3.3}{\376\377\0003\000.\0003\000\040\173\227\154\325\163\257\130\203}{chapter.3}% 27
\BOOKMARK [1][-]{section.3.4}{\376\377\0003\000.\0004\000\040\116\343\170\001\163\257\130\203}{chapter.3}% 28
\BOOKMARK [0][]{chapter.4}{\376\377\173\054\000\040\0004\000\040\172\340\000\040\121\150\145\207\140\073\176\323}{}% 29
\BOOKMARK [0][]{chapter*.24}{\376\377\123\302\200\003\145\207\163\056}{}% 30
\BOOKMARK [0][]{appendix.A}{\376\377\226\104\137\125\000\040\000A\000\040\000M\000a\000x\000w\000e\000l\000l\000\040\000E\000q\000u\000a\000t\000i\000o\000n\000s}{}% 31
\BOOKMARK [0][]{appendix.B}{\376\377\226\104\137\125\000\040\000B\000\040\176\330\122\066\155\101\172\013\126\376}{}% 32
\BOOKMARK [0][]{section*.26}{\376\377\201\364\214\042}{}% 33
